--- Startup times for process: Primary/TUI ---

times in msec
 clock   self+sourced   self:  sourced script
 clock   elapsed:              other lines

000.004  000.004: --- NVIM STARTING ---
000.046  000.042: event init
000.155  000.108: early init
009.508  009.354: locale set
009.544  000.036: init first window
009.979  000.435: inits 1
010.083  000.103: window checked
010.089  000.006: parsing arguments
011.000  000.324  000.324: require('vim.shared')
011.509  000.155  000.155: require('vim.inspect')
011.773  000.251  000.251: require('vim._options')
011.778  000.770  000.363: require('vim._editor')
011.780  001.194  000.101: require('vim._init_packages')
011.786  000.503: init lua interpreter
013.893  002.107: --- NVIM STARTED ---

--- Startup times for process: Embedded ---

times in msec
 clock   self+sourced   self:  sourced script
 clock   elapsed:              other lines

000.004  000.004: --- NVIM STARTING ---
000.047  000.043: event init
000.134  000.086: early init
009.346  009.212: locale set
009.386  000.040: init first window
009.755  000.369: inits 1
009.842  000.087: window checked
009.849  000.007: parsing arguments
010.801  000.335  000.335: require('vim.shared')
011.326  000.157  000.157: require('vim.inspect')
011.602  000.262  000.262: require('vim._options')
011.607  000.796  000.377: require('vim._editor')
011.610  001.236  000.104: require('vim._init_packages')
011.616  000.531: init lua interpreter
011.769  000.153: expanding arguments
011.784  000.015: inits 2
012.228  000.444: init highlight
012.230  000.003: waiting for UI
012.307  000.076: done waiting for UI
012.311  000.004: clear screen
012.639  000.036  000.036: require('vim.keymap')
014.991  002.676  002.640: require('vim._defaults')
014.997  000.010: init default mappings & autocommands
015.623  000.077  000.077: sourcing C:\Users\ousttrue\neovim\share\nvim\runtime\ftplugin.vim
015.797  000.046  000.046: sourcing C:\Users\ousttrue\neovim\share\nvim\runtime\indent.vim
016.661  000.520  000.520: require('_init')
016.736  000.069  000.069: require('option')
016.929  000.137  000.137: require('keymap')
018.270  000.257  000.257: require('vim.fs')
018.328  000.508  000.251: require('vim.lsp.log')
018.860  000.525  000.525: require('vim.lsp.protocol')
019.962  000.168  000.168: require('vim.highlight')
019.985  000.017  000.017: require('vim.F')
020.000  001.133  000.948: require('vim.lsp.util')
020.415  000.194  000.194: require('vim.lsp.sync')
020.423  000.419  000.225: require('vim.lsp._changetracking')
020.839  000.412  000.412: require('vim.lsp.rpc')
020.876  003.722  000.725: require('vim.lsp')
021.399  000.519  000.519: require('vim.lsp.buf')
022.552  001.063  001.063: require('vim.diagnostic')
022.693  000.087  000.087: require('quick_fix')
022.817  000.069  000.069: require('clipboard')
022.914  000.087  000.087: require('lazy_plugins')
023.700  000.696  000.696: require('lazy')
023.732  000.013  000.013: require('ffi')
024.147  000.202  000.202: require('vim.uri')
024.159  000.422  000.220: require('vim.loader')
024.549  000.326  000.326: require('lazy.stats')
024.817  000.120  000.120: require('lazy.core.util')
025.170  000.347  000.347: require('lazy.core.config')
025.499  000.158  000.158: require('lazy.core.handler')
025.681  000.174  000.174: require('lazy.core.plugin')
025.691  000.515  000.183: require('lazy.core.loader')
026.177  000.112  000.112: require('lazy_plugins.0_minimum')
026.440  000.094  000.094: require('lazy_plugins.1_treesitter')
026.917  000.209  000.209: require('lazy_plugins.2_telescope')
027.311  000.126  000.126: require('config.neo-tree')
027.317  000.237  000.111: require('lazy_plugins.3_filer')
027.753  000.099  000.099: require('config.mason')
027.767  000.227  000.128: require('lazy_plugins.4_lsp')
028.105  000.124  000.124: require('lazy_plugins.5_cmp')
028.696  000.153  000.153: require('lazy.core.handler.event')
028.814  000.110  000.110: require('lazy.core.handler.keys')
028.909  000.089  000.089: require('lazy.core.handler.ft')
029.015  000.100  000.100: require('lazy.core.handler.cmd')
030.661  000.009  000.009: sourcing C:\Users\ousttrue\dotfiles\nvimruntime\ftdetect\build.vim
030.765  000.025  000.025: sourcing C:\Users\ousttrue\dotfiles\nvimruntime\ftdetect\fs.vim
030.871  000.031  000.031: sourcing C:\Users\ousttrue\dotfiles\nvimruntime\ftdetect\natvis.vim
030.962  000.016  000.016: sourcing C:\Users\ousttrue\dotfiles\nvimruntime\ftdetect\vs.vim
031.057  000.024  000.024: sourcing C:\Users\ousttrue\dotfiles\nvimruntime\ftdetect\xml.vim
031.148  000.020  000.020: sourcing C:\Users\ousttrue\dotfiles\nvimruntime\ftdetect\zon.vim
031.173  001.592  001.468: sourcing C:\Users\ousttrue\neovim\share/nvim/runtime/filetype.lua
032.958  001.496  001.496: sourcing C:/Users/ousttrue/AppData/Local/nvim-data/lazy/emmet-vim/plugin/emmet.vim
035.541  000.985  000.985: require('neodev')
035.689  000.142  000.142: require('neodev.config')
035.883  000.079  000.079: require('neodev.util')
035.889  000.184  000.105: require('neodev.lsp')
036.147  000.255  000.255: require('lspconfig.util')
039.400  000.145  000.145: sourcing C:/Users/ousttrue/AppData/Local/nvim-data/lazy/nvim-lspconfig/plugin/lspconfig.lua
039.524  000.090  000.090: require('config.nvim-lspconfig')
039.826  000.115  000.115: require('lspconfig.async')
039.834  000.215  000.101: require('lspconfig.configs')
039.838  000.309  000.094: require('lspconfig')
039.995  000.119  000.119: require('lspconfig.server_configurations.qmlls')
043.446  000.208  000.208: require('lspconfig.manager')
043.617  000.158  000.158: require('lspconfig.server_configurations.jsonls')
044.314  000.660  000.660: require('schemastore')
046.139  001.818  001.818: require('schemastore.catalog')
048.560  000.123  000.123: require('lspconfig.server_configurations.vala_ls')
048.773  000.100  000.100: require('lspconfig.server_configurations.nushell')
049.165  000.079  000.079: require('mason-core.path')
049.361  000.108  000.108: require('mason-core.functional')
049.574  000.095  000.095: require('mason-core.functional.data')
049.581  000.181  000.087: require('mason-core.functional.function')
049.698  000.090  000.090: require('mason-core.functional.relation')
049.805  000.100  000.100: require('mason-core.functional.logic')
049.818  000.647  000.168: require('mason-core.platform')
049.901  000.081  000.081: require('mason.settings')
049.905  000.916  000.109: require('mason')
050.227  000.084  000.084: require('mason-core.functional.list')
050.310  000.077  000.077: require('mason-core.functional.string')
050.343  000.319  000.157: require('mason.api.command')
050.444  000.094  000.094: require('mason-registry.sources')
050.669  000.110  000.110: require('mason-core.log')
050.743  000.070  000.070: require('mason-lspconfig.settings')
050.748  000.296  000.116: require('mason-lspconfig')
050.824  000.073  000.073: require('mason-core.optional')
051.019  000.096  000.096: require('mason-core.functional.table')
051.053  000.226  000.130: require('mason-lspconfig.mappings.server')
051.213  000.072  000.072: require('mason-core.EventEmitter')
051.379  000.091  000.091: require('mason-core.async')
051.444  000.061  000.061: require('mason-core.async.uv')
051.450  000.233  000.081: require('mason-core.fs')
051.470  000.414  000.109: require('mason-registry')
051.542  000.069  000.069: require('mason-lspconfig.notify')
051.873  000.097  000.097: require('vim.iter')
051.883  000.199  000.101: require('lspconfig.server_configurations.tsserver')
052.217  000.104  000.104: require('lspconfig.server_configurations.powershell_es')
052.337  000.087  000.087: require('lspconfig.server_configurations.pyright')
052.625  000.117  000.117: require('lspconfig.server_configurations.zls')
052.880  000.092  000.092: require('lspconfig.server_configurations.cmake')
053.142  000.092  000.092: require('lspconfig.server_configurations.ruff_lsp')
053.361  000.088  000.088: require('lspconfig.server_configurations.clangd')
053.605  000.192  000.192: require('lspconfig.clangd')
053.811  000.092  000.092: require('lspconfig.server_configurations.lua_ls')
054.080  000.108  000.108: require('mason-lspconfig.lspconfig_hook')
054.165  000.079  000.079: require('mason-lspconfig.server_config_extensions')
054.270  000.102  000.102: require('lspconfig.server_configurations.omnisharp')
054.616  000.086  000.086: require('mason-core.functional.number')
054.642  000.233  000.147: require('mason-lspconfig.api.command')
055.088  000.249  000.249: sourcing C:/Users/ousttrue/AppData/Local/nvim-data/lazy/winresizer/plugin/winresizer.vim
056.562  000.074  000.074: sourcing C:/Users/ousttrue/AppData/Local/nvim-data/lazy/nvim-web-devicons/plugin/nvim-web-devicons.vim
056.741  000.119  000.119: require('config.lualine')
057.574  000.113  000.113: require('lualine_require')
057.983  001.237  001.124: require('lualine')
058.992  000.128  000.128: require('lualine.highlight')
060.556  000.100  000.100: require('lualine.utils.mode')
064.126  000.781  000.781: require('aerial')
064.358  001.391  000.610: require('lualine.components.aerial')
065.947  000.093  000.093: sourcing C:/Users/ousttrue/AppData/Local/nvim-data/lazy/barbar.nvim/plugin/barbar.lua
067.011  000.117  000.117: require('barbar.animate')
067.364  000.111  000.111: require('barbar.fs')
067.713  000.141  000.141: require('barbar.utils.table')
067.829  000.110  000.110: require('barbar.utils')
067.838  000.378  000.126: require('barbar.config')
067.939  000.098  000.098: require('barbar.utils.list')
067.972  000.602  000.126: require('barbar.buffer')
068.304  000.111  000.111: require('barbar.utils.highlight')
069.134  000.642  000.642: require('nvim-web-devicons.icons-default')
069.253  000.944  000.302: require('nvim-web-devicons')
069.265  001.180  000.125: require('barbar.icons')
069.270  001.295  000.115: require('barbar.ui.layout')
069.496  000.223  000.223: require('barbar.constants')
069.524  002.402  000.170: require('barbar.state')
069.540  002.523  000.121: require('barbar.bbye')
069.704  000.161  000.161: require('barbar.jump_mode')
070.235  000.344  000.344: require('barbar.ui.nodes')
070.267  000.559  000.216: require('barbar.ui.render')
070.302  003.545  000.185: require('barbar.api')
071.020  000.451  000.451: require('barbar.highlight')
071.030  000.725  000.273: require('barbar.events')
071.033  005.049  000.779: require('barbar')
074.773  000.091  000.091: sourcing C:/Users/ousttrue/AppData/Local/nvim-data/lazy/plenary.nvim/plugin/plenary.vim
075.838  000.057  000.057: sourcing C:/Users/ousttrue/AppData/Local/nvim-data/lazy/neo-tree.nvim/plugin/neo-tree.vim
077.040  000.137  000.137: require('neo-tree.log')
077.142  000.095  000.095: require('neo-tree.utils.filesize.filesize')
077.162  000.404  000.172: require('neo-tree.utils')
077.167  001.265  000.862: require('neo-tree')
077.467  000.157  000.157: require('neo-tree.defaults')
077.564  000.093  000.093: require('neo-tree.setup.mapping-helper')
077.827  000.075  000.075: require('neo-tree.collections')
077.832  000.153  000.078: require('neo-tree.events.queue')
077.836  000.268  000.115: require('neo-tree.events')
078.089  000.072  000.072: require('plenary.bit')
078.163  000.069  000.069: require('plenary.functional')
078.183  000.264  000.123: require('plenary.path')
078.270  000.083  000.083: require('neo-tree.sources.filesystem.lib.globtopattern')
078.276  000.438  000.091: require('neo-tree.sources.common.file-nesting')
078.368  000.088  000.088: require('neo-tree.ui.highlights')
078.873  000.092  000.092: require('nui.object')
079.121  000.086  000.086: require('vim.version')
080.027  001.075  000.990: require('nui.utils')
080.040  001.163  000.088: require('nui.text')
080.046  001.352  000.098: require('nui.line')
080.275  000.077  000.077: require('nui.tree.util')
080.284  000.236  000.158: require('nui.tree')
080.480  000.094  000.094: require('nui.utils.buf_storage')
080.583  000.099  000.099: require('nui.utils.autocmd')
080.681  000.095  000.095: require('nui.utils.keymap')
080.856  000.074  000.074: require('nui.layout.utils')
080.861  000.176  000.102: require('nui.split.utils')
080.871  000.583  000.120: require('nui.split')
081.692  000.727  000.727: require('nui.popup.border')
081.707  000.834  000.107: require('nui.popup')
081.823  000.113  000.113: require('neo-tree.ui.popups')
081.903  000.075  000.075: require('neo-tree.ui.windows')
081.918  003.357  000.164: require('neo-tree.ui.renderer')
082.185  000.075  000.075: require('plenary.compat')
082.194  000.177  000.103: require('plenary.job')
082.199  000.278  000.101: require('neo-tree.sources.filesystem.lib.filter_external')
082.296  000.094  000.094: require('neo-tree.sources.common.file-items')
082.618  000.081  000.081: require('neo-tree.git.utils')
082.623  000.169  000.088: require('neo-tree.git.status')
082.699  000.073  000.073: require('neo-tree.git.ignored')
082.702  000.323  000.081: require('neo-tree.git')
082.707  000.408  000.085: require('neo-tree.sources.filesystem.lib.fs_watch')
083.108  000.089  000.089: require('plenary.tbl')
083.114  000.178  000.089: require('plenary.vararg.rotate')
083.117  000.257  000.079: require('plenary.vararg')
083.183  000.064  000.064: require('plenary.errors')
083.189  000.396  000.075: require('plenary.async.async')
083.484  000.068  000.068: require('plenary.async.structs')
083.490  000.151  000.084: require('plenary.async.control')
083.495  000.241  000.089: require('plenary.async.util')
083.502  000.310  000.069: require('plenary.async.tests')
083.505  000.795  000.089: require('plenary.async')
083.512  005.045  000.113: require('neo-tree.sources.filesystem.lib.fs_scan')
083.685  000.096  000.096: require('nui.input')
083.690  000.175  000.080: require('neo-tree.ui.inputs')
083.701  005.330  000.110: require('neo-tree.sources.manager')
083.926  000.071  000.071: require('neo-tree.command.parser')
084.004  000.073  000.073: require('neo-tree.command.completion')
084.008  000.233  000.089: require('neo-tree.command')
084.010  000.307  000.074: require('neo-tree.setup.netrw')
084.079  000.067  000.067: require('neo-tree.sources.common.hijack_cursor')
084.084  006.912  000.165: require('neo-tree.setup')
084.476  000.116  000.116: require('neo-tree.setup.deprecations')
085.947  000.189  000.189: require('neo-tree.sources.filesystem')
086.200  000.105  000.105: require('neo-tree.sources.buffers.lib.items')
086.210  000.248  000.143: require('neo-tree.sources.buffers')
086.407  000.086  000.086: require('neo-tree.sources.git_status.lib.items')
086.413  000.198  000.111: require('neo-tree.sources.git_status')
086.872  000.127  000.127: require('neo-tree.sources.common.container')
086.883  000.256  000.129: require('neo-tree.sources.common.components')
086.910  000.391  000.135: require('neo-tree.sources.buffers.components')
087.839  000.452  000.452: require('plenary.scandir')
087.952  000.106  000.106: require('plenary')
087.963  000.778  000.220: require('neo-tree.sources.filesystem.lib.fs_actions')
088.083  000.116  000.116: require('neo-tree.sources.common.help')
088.231  000.144  000.144: require('neo-tree.sources.common.preview')
088.331  000.096  000.096: require('neo-tree.sources.common.node_expander')
088.348  001.340  000.206: require('neo-tree.sources.common.commands')
088.388  001.474  000.134: require('neo-tree.sources.buffers.commands')
088.728  000.127  000.127: require('neo-tree.sources.git_status.components')
088.863  000.128  000.128: require('neo-tree.sources.git_status.commands')
089.162  000.120  000.120: require('neo-tree.sources.filesystem.components')
089.418  000.129  000.129: require('neo-tree.sources.filesystem.lib.filter')
089.445  000.278  000.149: require('neo-tree.sources.filesystem.commands')
090.731  000.136  000.136: require('config.null-ls')
092.013  000.156  000.156: require('null-ls.utils.tbl_flatten')
092.056  000.328  000.172: require('null-ls.utils')
092.087  000.458  000.130: require('null-ls.config')
092.348  000.102  000.102: require('null-ls.helpers.cache')
092.473  000.119  000.119: require('null-ls.helpers.diagnostics')
092.572  000.095  000.095: require('null-ls.helpers.formatter_factory')
093.055  000.228  000.228: require('null-ls.logger')
093.210  000.150  000.150: require('null-ls.state')
093.219  000.643  000.265: require('null-ls.helpers.generator_factory')
093.512  000.160  000.160: require('null-ls.helpers.command_resolver')
093.517  000.296  000.136: require('null-ls.helpers.make_builtin')
093.654  000.134  000.134: require('null-ls.helpers.range_formatting_args_factory')
093.658  001.568  000.180: require('null-ls.helpers')
094.319  000.270  000.270: require('null-ls.methods')
094.341  000.530  000.260: require('null-ls.diagnostics')
094.360  000.699  000.169: require('null-ls.sources')
094.603  000.233  000.233: require('null-ls.builtins')
094.613  003.875  000.916: require('null-ls')
094.821  000.195  000.195: require('null-ls.builtins.formatting.rufo')
095.008  000.182  000.182: require('null-ls.builtins.formatting.stylua')
095.169  000.156  000.156: require('null-ls.builtins.formatting.uncrustify')
095.496  000.307  000.307: require('null-ls.builtins.formatting.prettier')
095.765  000.181  000.181: require('null-ls.builtins.formatting.shfmt')
095.892  000.098  000.098: require('null-ls.builtins.formatting.clang_format')
095.988  000.084  000.084: require('null-ls.builtins.diagnostics.glslc')
096.435  000.113  000.113: require('null-ls.client')
096.970  000.085  000.085: require('vim.ui')
096.976  000.179  000.094: sourcing C:/Users/ousttrue/AppData/Local/nvim-data/lazy/floating-input.nvim/plugin/floating-input.lua
102.439  000.216  000.216: sourcing C:/Users/ousttrue/AppData/Local/nvim-data/lazy/telescope.nvim/plugin/telescope.lua
104.240  000.090  000.090: require('plenary.strings')
104.440  000.193  000.193: require('telescope.deprecated')
104.915  000.117  000.117: require('plenary.log')
104.931  000.300  000.183: require('telescope.log')
105.295  000.162  000.162: require('telescope.state')
105.351  000.417  000.255: require('telescope.utils')
105.358  000.912  000.195: require('telescope.sorters')
106.457  002.569  001.375: require('telescope.config')
106.747  000.096  000.096: require('plenary.window.border')
106.837  000.085  000.085: require('plenary.window')
106.905  000.064  000.064: require('plenary.popup.utils')
106.910  000.445  000.201: require('plenary.popup')
107.141  000.229  000.229: require('telescope.pickers.scroller')
107.321  000.175  000.175: require('telescope.actions.state')
107.493  000.169  000.169: require('telescope.actions.utils')
107.873  000.190  000.190: require('telescope.actions.mt')
107.886  000.389  000.199: require('telescope.actions.set')
108.210  000.159  000.159: require('telescope.config.resolve')
108.215  000.326  000.168: require('telescope.pickers.entry_display')
108.376  000.158  000.158: require('telescope.from_entry')
108.500  006.019  001.560: require('telescope.actions')
108.724  000.221  000.221: require('telescope.builtin')
109.513  000.257  000.257: require('telescope.pickers.window')
109.532  000.530  000.274: require('telescope.pickers.layout_strategies')
109.543  000.814  000.283: require('telescope.actions.layout')
109.948  000.192  000.192: require('telescope._extensions')
109.956  000.410  000.217: require('telescope')
110.121  000.161  000.161: require('telescope._extensions.frecency')
110.386  000.120  000.120: require('frecency.os_util')
110.403  000.278  000.158: require('frecency.config')
113.062  001.251  001.251: sourcing C:/Users/ousttrue/AppData/Local/nvim-data/lazy/vim-fugitive/plugin/fugitive.vim
113.269  000.038  000.038: sourcing C:/Users/ousttrue/AppData/Local/nvim-data/lazy/vim-fugitive/ftdetect/fugitive.vim
117.222  000.067  000.067: require('vim.treesitter.language')
117.291  000.061  000.061: require('vim.func')
117.362  000.066  000.066: require('vim.func._memoize')
117.374  000.308  000.115: require('vim.treesitter.query')
117.443  000.067  000.067: require('vim.treesitter._range')
117.453  000.475  000.101: require('vim.treesitter.languagetree')
117.459  000.561  000.086: require('vim.treesitter')
117.464  000.657  000.096: require('nvim-treesitter.compat')
118.345  000.677  000.677: require('nvim-treesitter.parsers')
118.528  000.175  000.175: require('nvim-treesitter.utils')
118.537  000.978  000.126: require('nvim-treesitter.ts_utils')
118.543  001.077  000.099: require('nvim-treesitter.tsrange')
118.704  000.158  000.158: require('nvim-treesitter.caching')
118.726  002.059  000.168: require('nvim-treesitter.query')
118.738  002.202  000.143: require('nvim-treesitter.configs')
118.741  003.287  001.085: require('nvim-treesitter-textobjects')
119.219  000.123  000.123: require('nvim-treesitter.info')
119.361  000.137  000.137: require('nvim-treesitter.shell_command_selectors')
119.382  000.469  000.209: require('nvim-treesitter.install')
119.483  000.098  000.098: require('nvim-treesitter.statusline')
119.588  000.101  000.101: require('nvim-treesitter.query_predicates')
119.592  000.848  000.181: require('nvim-treesitter')
119.772  000.090  000.090: require('nvim-treesitter.textobjects.shared')
119.777  000.179  000.089: require('nvim-treesitter.textobjects.select')
120.019  000.076  000.076: require('nvim-treesitter.textobjects.attach')
120.121  000.097  000.097: require('nvim-treesitter.textobjects.repeatable_move')
120.134  000.291  000.117: require('nvim-treesitter.textobjects.move')
120.787  000.125  000.125: require('nvim-treesitter.textobjects.swap')
120.984  000.118  000.118: require('nvim-treesitter.textobjects.lsp_interop')
121.065  005.647  000.799: sourcing C:/Users/ousttrue/AppData/Local/nvim-data/lazy/nvim-treesitter-textobjects/plugin/nvim-treesitter-textobjects.vim
122.339  000.935  000.935: sourcing C:/Users/ousttrue/AppData/Local/nvim-data/lazy/nvim-treesitter/plugin/nvim-treesitter.lua
122.627  000.144  000.144: require('nvim-treesitter.highlight')
127.199  001.293  001.293: require('ufo')
127.613  000.124  000.124: require('ufo.lib.disposable')
127.799  000.180  000.180: require('ufo.lib.log')
127.807  000.478  000.174: require('ufo.lib.event')
127.958  000.148  000.148: require('ufo.utils')
128.321  000.106  000.106: require('promise-async.utils')
128.410  000.084  000.084: require('promise-async.error')
128.511  000.094  000.094: require('promise-async.loop')
128.521  000.440  000.155: require('promise')
128.525  000.563  000.124: require('ufo.provider')
128.759  000.105  000.105: require('ufo.config')
128.968  000.098  000.098: require('promise-async.compat')
128.983  000.220  000.122: require('async')
129.319  000.137  000.137: require('ufo.model.buffer')
129.415  000.091  000.091: require('ufo.model.foldedline')
129.424  000.344  000.117: require('ufo.model.foldbuffer')
129.517  000.091  000.091: require('ufo.bufmanager')
129.727  000.114  000.114: require('ufo.wffi')
129.754  000.233  000.119: require('ufo.fold.driver')
129.760  000.773  000.105: require('ufo.fold.manager')
129.862  000.097  000.097: require('ufo.lib.debounce')
129.873  001.345  000.151: require('ufo.fold')
130.141  000.134  000.134: require('ufo.model.window')
130.381  000.106  000.106: require('ufo.highlight')
130.475  000.088  000.088: require('ufo.render.extmark')
130.698  000.135  000.135: require('vim.treesitter.highlighter')
130.703  000.225  000.090: require('ufo.render.treesitter')
130.805  000.099  000.099: require('ufo.render.match')
130.812  000.665  000.146: require('ufo.render')
130.820  000.944  000.146: require('ufo.decorator')
131.075  000.130  000.130: require('ufo.preview.floatwin')
131.169  000.089  000.089: require('ufo.preview.scrollbar')
131.262  000.090  000.090: require('ufo.preview.winbar')
131.350  000.085  000.085: require('ufo.preview.keymap')
131.359  000.537  000.143: require('ufo.preview')
131.366  004.158  000.142: require('ufo.main')
133.248  000.103  000.103: require('Comment.config')
133.544  000.180  000.180: require('Comment.ft')
133.553  000.298  000.118: require('Comment.utils')
133.668  000.111  000.111: require('Comment.opfunc')
133.767  000.095  000.095: require('Comment.extra')
133.773  001.845  001.238: require('Comment.api')
133.966  002.151  000.306: sourcing C:/Users/ousttrue/AppData/Local/nvim-data/lazy/Comment.nvim/plugin/Comment.lua
134.120  000.107  000.107: require('Comment')
134.561  000.114  000.114: sourcing C:\Users\ousttrue\neovim\share/nvim/runtime/plugin/editorconfig.lua
134.998  000.251  000.251: sourcing C:\Users\ousttrue\neovim\share/nvim/runtime/plugin/gzip.vim
135.262  000.137  000.137: sourcing C:\Users\ousttrue\neovim\share/nvim/runtime/plugin/man.lua
137.798  000.362  000.362: sourcing C:\Users\ousttrue\neovim\share\nvim\runtime\pack\dist\opt\matchit\plugin\matchit.vim
137.834  002.459  002.097: sourcing C:\Users\ousttrue\neovim\share/nvim/runtime/plugin/matchit.vim
138.146  000.186  000.186: sourcing C:\Users\ousttrue\neovim\share/nvim/runtime/plugin/matchparen.vim
138.664  000.410  000.410: sourcing C:\Users\ousttrue\neovim\share/nvim/runtime/plugin/netrwPlugin.vim
138.938  000.150  000.150: sourcing C:\Users\ousttrue\neovim\share/nvim/runtime/plugin/nvim.lua
139.164  000.104  000.104: sourcing C:\Users\ousttrue\neovim\share/nvim/runtime/plugin/osc52.lua
139.578  000.289  000.289: sourcing C:\Users\ousttrue\neovim\share/nvim/runtime/plugin/rplugin.vim
139.826  000.085  000.085: sourcing C:\Users\ousttrue\neovim\share/nvim/runtime/plugin/shada.vim
139.977  000.035  000.035: sourcing C:\Users\ousttrue\neovim\share/nvim/runtime/plugin/spellfile.vim
140.205  000.114  000.114: sourcing C:\Users\ousttrue\neovim\share/nvim/runtime/plugin/tarPlugin.vim
140.414  000.097  000.097: sourcing C:\Users\ousttrue\neovim\share/nvim/runtime/plugin/tohtml.lua
140.567  000.040  000.040: sourcing C:\Users\ousttrue\neovim\share/nvim/runtime/plugin/tutor.vim
140.809  000.132  000.132: sourcing C:\Users\ousttrue\neovim\share/nvim/runtime/plugin/zipPlugin.vim
141.262  000.154  000.154: require('color')
141.400  000.128  000.128: require('syntax_util')
146.831  001.419  001.419: sourcing C:\Users\ousttrue\neovim\share/nvim/runtime/colors/vim.lua
147.264  002.002  000.582: sourcing C:\Users\ousttrue\neovim\share\nvim\runtime\colors\habamax.vim
152.826  136.824  058.014: sourcing C:\Users\ousttrue\.config\nvim\init.lua
152.871  000.927: sourcing vimrc file(s)
154.549  000.192  000.192: sourcing C:\Users\ousttrue\neovim\share\nvim\runtime\filetype.lua
155.639  000.104  000.104: sourcing C:\Users\ousttrue\neovim\share\nvim\runtime\syntax\synload.vim
155.803  000.791  000.687: sourcing C:\Users\ousttrue\neovim\share/nvim/runtime/syntax/syntax.vim
155.834  001.981: inits 3
159.463  003.629: reading ShaDa
160.572  000.272  000.272: require('frecency.database.table')
160.803  000.223  000.223: require('frecency.file_lock')
161.009  000.201  000.201: require('frecency.watcher')
161.021  000.991  000.295: require('frecency.database')
161.477  000.233  000.233: require('frecency.web_devicons')
161.487  000.463  000.230: require('frecency.entry_maker')
161.705  000.215  000.215: require('frecency.fs')
162.293  000.373  000.373: require('frecency.state')
162.632  000.333  000.333: require('frecency.finder')
162.839  000.203  000.203: require('frecency.fuzzy_sorter')
163.020  000.177  000.177: require('frecency.substr_sorter')
163.816  000.222  000.222: require('telescope.debounce')
164.052  000.230  000.230: require('telescope.mappings')
164.264  000.206  000.206: require('telescope.pickers.highlights')
164.464  000.195  000.195: require('telescope.pickers.layout')
164.900  000.260  000.260: require('telescope.algos.linked_list')
164.910  000.442  000.181: require('telescope.entry_manager')
165.106  000.192  000.192: require('telescope.pickers.multi')
165.122  002.097  000.610: require('telescope.pickers')
165.127  003.418  000.234: require('frecency.picker')
165.209  000.079  000.079: require('frecency.recency')
165.215  005.443  000.277: require('frecency')
165.943  000.149  000.149: require('plenary.async.uv_async')
168.236  000.168  000.168: require('aerial.config')
168.828  000.517  000.517: require('lspkind')
168.976  000.110  000.110: require('aerial.highlight')
169.275  000.112  000.112: require('aerial.util')
169.282  000.222  000.110: require('aerial.autocommands')
169.376  000.088  000.088: require('aerial.data')
169.620  000.108  000.108: require('aerial.backends')
169.706  000.082  000.082: require('aerial.keymap_util')
169.785  000.075  000.075: require('aerial.layout')
169.859  000.071  000.071: require('aerial.loading')
169.941  000.079  000.079: require('aerial.render')
169.948  000.569  000.154: require('aerial.window')
170.841  000.143  000.143: require('aerial.fold')
171.082  000.084  000.084: require('aerial.backends.treesitter.helpers')
171.177  000.090  000.090: require('aerial.backends.util')
171.182  000.304  000.130: require('aerial.backends.treesitter')
171.461  000.079  000.079: require('aerial.backends.lsp.util')
171.468  000.163  000.084: require('aerial.backends.lsp.callbacks')
171.473  000.263  000.100: require('aerial.backends.lsp')
171.554  000.072  000.072: require('aerial.backends.markdown')
171.643  000.078  000.078: require('aerial.backends.man')
198.780  031.191: opening buffers
199.405  000.625: BufEnter autocommands
199.414  000.009: editing files in windows
199.732  000.318: VimEnter autocommands
199.793  000.061: UIEnter autocommands
214.503  011.570  011.570: sourcing C:\Users\ousttrue\neovim\share\nvim\runtime\autoload\provider\clipboard.vim
214.522  003.159: before starting main loop
214.956  000.434: first screen update
214.960  000.004: --- NVIM STARTED ---

